<?xml version="1.0" encoding="UTF-8"?>
<!-- Generated by org.testng.reporters.JUnitXMLReporter -->
<testsuite ignored="0" hostname="Vladimirs-Mac-mini.local" failures="0" tests="3" name="Default test" time="30.95" errors="0" timestamp="2024-02-26T12:58:33 PST">
  <testcase classname="com.portfolio.ImageVerificationTests" name="checkForLogo" time="3.096"/>
  <testcase classname="com.portfolio.ImageVerificationTests" name="checkPhoneImage" time="12.831"/>
  <testcase classname="com.portfolio.ImageVerificationTests" name="verifyFirstImage" time="3.035"/>
</testsuite> <!-- Default test -->
