<?xml version="1.0" encoding="UTF-8"?>
<!-- Generated by org.testng.reporters.JUnitXMLReporter -->
<testsuite ignored="0" hostname="Vladimirs-Mac-mini.local" failures="1" tests="4" name="Test" time="79.616" errors="0" timestamp="2024-02-04T21:50:24 PST">
  <testcase classname="com.portfolio.AboutButtonTest" name="verifyAboutButton" time="39.135"/>
  <testcase classname="com.portfolio.VerifyIntroductionTest" name="getIntroText" time="10.223">
    <failure type="java.lang.AssertionError" message="expected [Hi there! ðŸ‘‹ I&amp;apos;m Vlad] but found [Hi there! ðŸ‘‹ðŸ¼I&amp;apos;mVlad]">
      <![CDATA[java.lang.AssertionError: expected [Hi there! ðŸ‘‹ I'm Vlad] but found [Hi there! ðŸ‘‹ðŸ¼I'mVlad]
at pageObjects.LandingPage.verifyIntroText(LandingPage.java:48)
at com.portfolio.VerifyIntroductionTest.getIntroText(VerifyIntroductionTest.java:29)
at java.base/java.util.ArrayList.forEach(ArrayList.java:1511)
... Removed 33 stack frames]]>
    </failure>
  </testcase> <!-- getIntroText -->
  <testcase classname="com.portfolio.LaunchSiteTest" name="launchSite" time="7.108"/>
  <testcase classname="com.portfolio.VerifyTitlePageTest" name="verifyTitle" time="0.013"/>
</testsuite> <!-- Test -->
