<?xml version="1.0" encoding="UTF-8"?>
<!-- Generated by org.testng.reporters.JUnitXMLReporter -->
<testsuite ignored="0" hostname="Vladimirs-Mac-mini.local" failures="0" tests="4" name="Test" time="80.63" errors="0" timestamp="2023-12-11T11:54:19 PST">
  <testcase classname="com.portfolio.AboutButtonTest" name="verifyAboutButton" time="38.985"/>
  <testcase classname="com.portfolio.VerifyIntroductionTest" name="getIntroText" time="10.224"/>
  <testcase classname="com.portfolio.LaunchSiteTest" name="launchSite" time="6.683"/>
  <testcase classname="com.portfolio.VerifyTitlePageTest" name="verifyTitle" time="0.013"/>
</testsuite> <!-- Test -->
