<?xml version="1.0" encoding="UTF-8"?>
<!-- Generated by org.testng.reporters.JUnitXMLReporter -->
<testsuite ignored="0" hostname="Vladimirs-Mac-mini.local" failures="0" tests="4" name="Test" time="82.293" errors="0" timestamp="2023-12-13T09:15:20 PST">
  <testcase classname="com.portfolio.AboutButtonTest" name="verifyAboutButton" time="39.704"/>
  <testcase classname="com.portfolio.VerifyIntroductionTest" name="getIntroText" time="10.285"/>
  <testcase classname="com.portfolio.LaunchSiteTest" name="launchSite" time="7.145"/>
  <testcase classname="com.portfolio.VerifyTitlePageTest" name="verifyTitle" time="0.007"/>
</testsuite> <!-- Test -->
