<?xml version="1.0" encoding="UTF-8"?>
<testsuite xmlns:xsi="http://www.w3.org/2001/XMLSchema-instance" xsi:noNamespaceSchemaLocation="https://maven.apache.org/surefire/maven-surefire-plugin/xsd/surefire-test-report-3.0.xsd" version="3.0" name="TestSuite" time="89.598" tests="4" errors="0" skipped="0" failures="0">
  <properties>
[...]
</properties>
  <testcase name="verifyAboutButton" classname="com.portfolio.AboutButtonTest" time="39.411">
    <system-out><![CDATA[*** Test Suite Test started ***
browser value is:firefox
browser value is:firefox
browser value is:firefox
*** Running test method verifyAboutButton
Directory already exists: /Users/vladimirgovorov/MilicProjects/Vlads_portfolio/TestRetrieved
ABOUT
Who am I?
]]></system-out>
    <system-err><![CDATA[Dec. 13, 2023 9:13:53 A.M. org.openqa.selenium.manager.SeleniumManager getDriverPath
INFO: Applicable driver not found; attempting to install with Selenium Manager (Beta)
1702487635372	geckodriver	INFO	Listening on 127.0.0.1:11448
1702487635726	mozrunner::runner	INFO	Running command: MOZ_CRASHREPORTER="1" MOZ_CRASHREPORTER_NO_REPORT="1" MOZ_CRASHREPORTER_SHUTDOWN="1" MOZ_NO_REMOTE="1" "/App ... /[::1]:20612/" "-foreground" "-no-remote" "-profile" "/var/folders/1_/yyv4st111kq_bp3mmmptk5300000gn/T/rust_mozprofileKxQ3ab"
console.warn: services.settings: Ignoring preference override of remote settings server
console.warn: services.settings: Allow by setting MOZ_REMOTE_SETTINGS_DEVTOOLS=1 in the environment
1702487636580	Marionette	INFO	Marionette enabled
console.error: "Warning: unrecognized command line flag" "-remote-allow-hosts"
console.error: "Warning: unrecognized command line flag" "-remote-allow-origins"
1702487637002	Marionette	INFO	Listening on port 51489
WebDriver BiDi listening on ws://127.0.0.1:20612
Read port: 51489
1702487637368	RemoteAgent	WARN	TLS certificate errors will be ignored for this session
DevTools listening on ws://127.0.0.1:20612/devtools/browser/0ad21840-4869-4569-a19a-863212cd1279
Dec. 13, 2023 9:14:03 A.M. org.openqa.selenium.manager.SeleniumManager getDriverPath
INFO: Applicable driver not found; attempting to install with Selenium Manager (Beta)
1702487644091	geckodriver	INFO	Listening on 127.0.0.1:19179
1702487644161	mozrunner::runner	INFO	Running command: MOZ_CRASHREPORTER="1" MOZ_CRASHREPORTER_NO_REPORT="1" MOZ_CRASHREPORTER_SHUTDOWN="1" MOZ_NO_REMOTE="1" "/App ... //[::1]:9543/" "-foreground" "-no-remote" "-profile" "/var/folders/1_/yyv4st111kq_bp3mmmptk5300000gn/T/rust_mozprofileJlqMbV"
console.warn: services.settings: Ignoring preference override of remote settings server
console.warn: services.settings: Allow by setting MOZ_REMOTE_SETTINGS_DEVTOOLS=1 in the environment
1702487644640	Marionette	INFO	Marionette enabled
console.error: "Warning: unrecognized command line flag" "-remote-allow-hosts"
console.error: "Warning: unrecognized command line flag" "-remote-allow-origins"
1702487644821	Marionette	INFO	Listening on port 51527
WebDriver BiDi listening on ws://127.0.0.1:9543
Read port: 51527
1702487645001	RemoteAgent	WARN	TLS certificate errors will be ignored for this session
DevTools listening on ws://127.0.0.1:9543/devtools/browser/09a05ed1-10ef-41d3-aee7-303f87c1b4d8
Dec. 13, 2023 9:14:10 A.M. org.openqa.selenium.manager.SeleniumManager getDriverPath
INFO: Applicable driver not found; attempting to install with Selenium Manager (Beta)
1702487650940	geckodriver	INFO	Listening on 127.0.0.1:8789
1702487651007	mozrunner::runner	INFO	Running command: MOZ_CRASHREPORTER="1" MOZ_CRASHREPORTER_NO_REPORT="1" MOZ_CRASHREPORTER_SHUTDOWN="1" MOZ_NO_REMOTE="1" "/App ... /[::1]:42308/" "-foreground" "-no-remote" "-profile" "/var/folders/1_/yyv4st111kq_bp3mmmptk5300000gn/T/rust_mozprofileH7W2AW"
console.warn: services.settings: Ignoring preference override of remote settings server
console.warn: services.settings: Allow by setting MOZ_REMOTE_SETTINGS_DEVTOOLS=1 in the environment
1702487651505	Marionette	INFO	Marionette enabled
console.error: "Warning: unrecognized command line flag" "-remote-allow-hosts"
console.error: "Warning: unrecognized command line flag" "-remote-allow-origins"
1702487651776	Marionette	INFO	Listening on port 51565
WebDriver BiDi listening on ws://127.0.0.1:42308
Read port: 51565
1702487651980	RemoteAgent	WARN	TLS certificate errors will be ignored for this session
DevTools listening on ws://127.0.0.1:42308/devtools/browser/4c8b7d07-6b97-472d-9e6b-1439d91f66b5
log4j:WARN No appenders could be found for logger (com.portfolio.customListeners.Log).
log4j:WARN Please initialize the log4j system properly.
log4j:WARN See http://logging.apache.org/log4j/1.2/faq.html#noconfig for more info.
1702487666683	addons.xpi	ERROR	System addon update list error SyntaxError: XMLHttpRequest.open: 'http://%(server)s/dummy-system-addons.xml' is not a valid URL.
1702487674737	addons.xpi	ERROR	System addon update list error SyntaxError: XMLHttpRequest.open: 'http://%(server)s/dummy-system-addons.xml' is not a valid URL.
1702487681626	addons.xpi	ERROR	System addon update list error SyntaxError: XMLHttpRequest.open: 'http://%(server)s/dummy-system-addons.xml' is not a valid URL.
]]></system-err>
  </testcase>
  <testcase name="getIntroText" classname="com.portfolio.VerifyIntroductionTest" time="10.273">
    <system-out><![CDATA[*** Executed verifyAboutButton test successfully...
*** Running test method getIntroText
Hi there! 👋🏼 I'm Vlad
]]></system-out>
  </testcase>
  <testcase name="launchSite" classname="com.portfolio.LaunchSiteTest" time="7.142">
    <system-out><![CDATA[*** Executed getIntroText test successfully...
*** Running test method launchSite
browser value is:firefox
]]></system-out>
    <system-err><![CDATA[Dec. 13, 2023 9:15:08 A.M. org.openqa.selenium.manager.SeleniumManager getDriverPath
INFO: Applicable driver not found; attempting to install with Selenium Manager (Beta)
1702487708975	geckodriver	INFO	Listening on 127.0.0.1:18677
1702487709058	mozrunner::runner	INFO	Running command: MOZ_CRASHREPORTER="1" MOZ_CRASHREPORTER_NO_REPORT="1" MOZ_CRASHREPORTER_SHUTDOWN="1" MOZ_NO_REMOTE="1" "/App ... //[::1]:5614/" "-foreground" "-no-remote" "-profile" "/var/folders/1_/yyv4st111kq_bp3mmmptk5300000gn/T/rust_mozprofiledg8ecV"
console.warn: services.settings: Ignoring preference override of remote settings server
console.warn: services.settings: Allow by setting MOZ_REMOTE_SETTINGS_DEVTOOLS=1 in the environment
1702487709569	Marionette	INFO	Marionette enabled
console.error: "Warning: unrecognized command line flag" "-remote-allow-hosts"
console.error: "Warning: unrecognized command line flag" "-remote-allow-origins"
1702487709755	Marionette	INFO	Listening on port 51655
WebDriver BiDi listening on ws://127.0.0.1:5614
Read port: 51655
1702487710005	RemoteAgent	WARN	TLS certificate errors will be ignored for this session
DevTools listening on ws://127.0.0.1:5614/devtools/browser/308d3a4b-9028-4a7c-a6c0-3ed8b9912557
]]></system-err>
  </testcase>
  <testcase name="verifyTitle" classname="com.portfolio.VerifyTitlePageTest" time="0.004">
    <system-out><![CDATA[*** Executed launchSite test successfully...
*** Running test method verifyTitle
Vlad the QA Dev
]]></system-out>
  </testcase>
</testsuite>