<?xml version="1.0" encoding="UTF-8"?>
<testsuite xmlns:xsi="http://www.w3.org/2001/XMLSchema-instance" xsi:noNamespaceSchemaLocation="https://maven.apache.org/surefire/maven-surefire-plugin/xsd/surefire-test-report-3.0.xsd" version="3.0" name="TestSuite" time="87.66" tests="4" errors="0" skipped="0" failures="0">
  <properties>
[...]
</properties>
  <testcase name="verifyAboutButton" classname="com.portfolio.AboutButtonTest" time="39.737">
    <system-out><![CDATA[browser value is:firefox
browser value is:firefox
browser value is:firefox
Directory already exists: /Users/vladimirgovorov/MilicProjects/Vlads_portfolio/TestReport
ABOUT
Who am I?
]]></system-out>
    <system-err><![CDATA[Dec. 04, 2023 2:46:38 P.M. org.openqa.selenium.manager.SeleniumManager getDriverPath
INFO: Applicable driver not found; attempting to install with Selenium Manager (Beta)
1701730000404	geckodriver	INFO	Listening on 127.0.0.1:37124
1701730000706	mozrunner::runner	INFO	Running command: MOZ_CRASHREPORTER="1" MOZ_CRASHREPORTER_NO_REPORT="1" MOZ_CRASHREPORTER_SHUTDOWN="1" MOZ_NO_REMOTE="1" "/App ... /[::1]:24046/" "-foreground" "-no-remote" "-profile" "/var/folders/1_/yyv4st111kq_bp3mmmptk5300000gn/T/rust_mozprofilebbs9Qt"
console.warn: services.settings: Ignoring preference override of remote settings server
console.warn: services.settings: Allow by setting MOZ_REMOTE_SETTINGS_DEVTOOLS=1 in the environment
1701730001481	Marionette	INFO	Marionette enabled
console.error: "Warning: unrecognized command line flag" "-remote-allow-hosts"
console.error: "Warning: unrecognized command line flag" "-remote-allow-origins"
1701730001889	Marionette	INFO	Listening on port 60447
WebDriver BiDi listening on ws://127.0.0.1:24046
Read port: 60447
1701730002264	RemoteAgent	WARN	TLS certificate errors will be ignored for this session
DevTools listening on ws://127.0.0.1:24046/devtools/browser/a0ec8f86-4b64-4541-b80b-c3b136ea5ae0
Dec. 04, 2023 2:46:48 P.M. org.openqa.selenium.manager.SeleniumManager getDriverPath
INFO: Applicable driver not found; attempting to install with Selenium Manager (Beta)
1701730008794	geckodriver	INFO	Listening on 127.0.0.1:7305
1701730008879	mozrunner::runner	INFO	Running command: MOZ_CRASHREPORTER="1" MOZ_CRASHREPORTER_NO_REPORT="1" MOZ_CRASHREPORTER_SHUTDOWN="1" MOZ_NO_REMOTE="1" "/App ... //[::1]:2298/" "-foreground" "-no-remote" "-profile" "/var/folders/1_/yyv4st111kq_bp3mmmptk5300000gn/T/rust_mozprofileiTbGAp"
console.warn: services.settings: Ignoring preference override of remote settings server
console.warn: services.settings: Allow by setting MOZ_REMOTE_SETTINGS_DEVTOOLS=1 in the environment
1701730009334	Marionette	INFO	Marionette enabled
console.error: "Warning: unrecognized command line flag" "-remote-allow-hosts"
console.error: "Warning: unrecognized command line flag" "-remote-allow-origins"
1701730009518	Marionette	INFO	Listening on port 60485
WebDriver BiDi listening on ws://127.0.0.1:2298
Read port: 60485
1701730009745	RemoteAgent	WARN	TLS certificate errors will be ignored for this session
DevTools listening on ws://127.0.0.1:2298/devtools/browser/dff1b3d5-23c3-4077-ae47-fabd0ecbbc8d
Dec. 04, 2023 2:46:55 P.M. org.openqa.selenium.manager.SeleniumManager getDriverPath
INFO: Applicable driver not found; attempting to install with Selenium Manager (Beta)
1701730015753	geckodriver	INFO	Listening on 127.0.0.1:31379
1701730015805	mozrunner::runner	INFO	Running command: MOZ_CRASHREPORTER="1" MOZ_CRASHREPORTER_NO_REPORT="1" MOZ_CRASHREPORTER_SHUTDOWN="1" MOZ_NO_REMOTE="1" "/App ... /[::1]:32182/" "-foreground" "-no-remote" "-profile" "/var/folders/1_/yyv4st111kq_bp3mmmptk5300000gn/T/rust_mozprofileWrfoPt"
console.warn: services.settings: Ignoring preference override of remote settings server
console.warn: services.settings: Allow by setting MOZ_REMOTE_SETTINGS_DEVTOOLS=1 in the environment
1701730016283	Marionette	INFO	Marionette enabled
console.error: "Warning: unrecognized command line flag" "-remote-allow-hosts"
console.error: "Warning: unrecognized command line flag" "-remote-allow-origins"
1701730016469	Marionette	INFO	Listening on port 60520
WebDriver BiDi listening on ws://127.0.0.1:32182
Read port: 60520
1701730016692	RemoteAgent	WARN	TLS certificate errors will be ignored for this session
DevTools listening on ws://127.0.0.1:32182/devtools/browser/858b11d5-de0d-4c26-9a37-d3e18930c4ae
log4j:WARN No appenders could be found for logger (com.portfolio.customListeners.Log).
log4j:WARN Please initialize the log4j system properly.
log4j:WARN See http://logging.apache.org/log4j/1.2/faq.html#noconfig for more info.
1701730031535	addons.xpi	ERROR	System addon update list error SyntaxError: XMLHttpRequest.open: 'http://%(server)s/dummy-system-addons.xml' is not a valid URL.
1701730039427	addons.xpi	ERROR	System addon update list error SyntaxError: XMLHttpRequest.open: 'http://%(server)s/dummy-system-addons.xml' is not a valid URL.
1701730046312	addons.xpi	ERROR	System addon update list error SyntaxError: XMLHttpRequest.open: 'http://%(server)s/dummy-system-addons.xml' is not a valid URL.
]]></system-err>
  </testcase>
  <testcase name="getIntroText" classname="com.portfolio.VerifyIntroductionTest" time="10.223">
    <system-out><![CDATA[Hi there! 👋🏼 I'm Vlad
]]></system-out>
  </testcase>
  <testcase name="launchSite" classname="com.portfolio.LaunchSiteTest" time="6.835">
    <system-out><![CDATA[browser value is:firefox
]]></system-out>
    <system-err><![CDATA[Dec. 04, 2023 2:47:53 P.M. org.openqa.selenium.manager.SeleniumManager getDriverPath
INFO: Applicable driver not found; attempting to install with Selenium Manager (Beta)
1701730073515	geckodriver	INFO	Listening on 127.0.0.1:15644
1701730073604	mozrunner::runner	INFO	Running command: MOZ_CRASHREPORTER="1" MOZ_CRASHREPORTER_NO_REPORT="1" MOZ_CRASHREPORTER_SHUTDOWN="1" MOZ_NO_REMOTE="1" "/App ... /[::1]:47750/" "-foreground" "-no-remote" "-profile" "/var/folders/1_/yyv4st111kq_bp3mmmptk5300000gn/T/rust_mozprofileRbzjjc"
console.warn: services.settings: Ignoring preference override of remote settings server
console.warn: services.settings: Allow by setting MOZ_REMOTE_SETTINGS_DEVTOOLS=1 in the environment
1701730074131	Marionette	INFO	Marionette enabled
console.error: "Warning: unrecognized command line flag" "-remote-allow-hosts"
console.error: "Warning: unrecognized command line flag" "-remote-allow-origins"
1701730074321	Marionette	INFO	Listening on port 60583
WebDriver BiDi listening on ws://127.0.0.1:47750
Read port: 60583
1701730074546	RemoteAgent	WARN	TLS certificate errors will be ignored for this session
DevTools listening on ws://127.0.0.1:47750/devtools/browser/fc6ecfca-3776-490f-9acc-e5b018856880
]]></system-err>
  </testcase>
  <testcase name="verifyTitle" classname="com.portfolio.VerifyTitlePageTest" time="0.02">
    <system-out><![CDATA[Vlad the QA Dev
]]></system-out>
  </testcase>
</testsuite>