<?xml version="1.0" encoding="UTF-8"?>
<testng-results ignored="0" total="1" passed="1" failed="0" skipped="0">
  <reporter-output>
  </reporter-output>
  <suite started-at="2024-02-13T02:58:18 PST" name="Default suite" finished-at="2024-02-13T02:58:27 PST" duration-ms="9244">
    <groups>
    </groups>
    <test started-at="2024-02-13T02:58:18 PST" name="Default test" finished-at="2024-02-13T02:58:27 PST" duration-ms="9244">
      <class name="com.portfolio.ImageVerificationTests">
        <test-method is-config="true" signature="launchPage()[pri:0, instance:com.portfolio.ImageVerificationTests@1e1a0406]" started-at="2024-02-13T02:58:18 PST" name="launchPage" finished-at="2024-02-13T02:58:27 PST" duration-ms="9132" status="PASS">
          <reporter-output>
          </reporter-output>
        </test-method> <!-- launchPage -->
        <test-method signature="verifyFirstImage()[pri:0, instance:com.portfolio.ImageVerificationTests@1e1a0406]" started-at="2024-02-13T02:58:27 PST" name="verifyFirstImage" finished-at="2024-02-13T02:58:27 PST" duration-ms="76" status="PASS">
          <reporter-output>
          </reporter-output>
        </test-method> <!-- verifyFirstImage -->
      </class> <!-- com.portfolio.ImageVerificationTests -->
    </test> <!-- Default test -->
  </suite> <!-- Default suite -->
</testng-results>
