<?xml version="1.0" encoding="UTF-8"?>
<testng-results ignored="0" total="1" passed="1" failed="0" skipped="0">
  <reporter-output>
  </reporter-output>
  <suite started-at="2023-12-15T00:25:07 PST" name="Default suite" finished-at="2023-12-15T00:25:27 PST" duration-ms="19895">
    <groups>
    </groups>
    <test started-at="2023-12-15T00:25:07 PST" name="Default test" finished-at="2023-12-15T00:25:27 PST" duration-ms="19895">
      <class name="com.portfolio.VerifyIntroductionTest">
        <test-method is-config="true" signature="launchSite2()[pri:0, instance:com.portfolio.VerifyIntroductionTest@36916eb0]" started-at="2023-12-15T00:25:07 PST" name="launchSite2" finished-at="2023-12-15T00:25:16 PST" duration-ms="8770" status="PASS">
          <reporter-output>
          </reporter-output>
        </test-method> <!-- launchSite2 -->
        <test-method signature="getIntroText()[pri:0, instance:com.portfolio.VerifyIntroductionTest@36916eb0]" started-at="2023-12-15T00:25:16 PST" name="getIntroText" finished-at="2023-12-15T00:25:27 PST" duration-ms="11032" status="PASS">
          <reporter-output>
          </reporter-output>
        </test-method> <!-- getIntroText -->
      </class> <!-- com.portfolio.VerifyIntroductionTest -->
    </test> <!-- Default test -->
  </suite> <!-- Default suite -->
</testng-results>
