<?xml version="1.0" encoding="UTF-8"?>
<testng-results ignored="0" total="3" passed="3" failed="0" skipped="0">
  <reporter-output>
  </reporter-output>
  <suite started-at="2024-02-26T12:57:57 PST" name="Default suite" finished-at="2024-02-26T12:58:28 PST" duration-ms="30950">
    <groups>
    </groups>
    <test started-at="2024-02-26T12:57:57 PST" name="Default test" finished-at="2024-02-26T12:58:28 PST" duration-ms="30950">
      <class name="com.portfolio.ImageVerificationTests">
        <test-method is-config="true" signature="launchPage()[pri:0, instance:com.portfolio.ImageVerificationTests@12aba8be]" started-at="2024-02-26T12:57:57 PST" name="launchPage" finished-at="2024-02-26T12:58:09 PST" duration-ms="11915" status="PASS">
          <reporter-output>
          </reporter-output>
        </test-method> <!-- launchPage -->
        <test-method signature="checkForLogo()[pri:0, instance:com.portfolio.ImageVerificationTests@12aba8be]" started-at="2024-02-26T12:58:09 PST" name="checkForLogo" finished-at="2024-02-26T12:58:12 PST" duration-ms="3096" status="PASS">
          <reporter-output>
          </reporter-output>
        </test-method> <!-- checkForLogo -->
        <test-method signature="checkPhoneImage()[pri:0, instance:com.portfolio.ImageVerificationTests@12aba8be]" started-at="2024-02-26T12:58:12 PST" name="checkPhoneImage" finished-at="2024-02-26T12:58:25 PST" duration-ms="12831" status="PASS">
          <reporter-output>
          </reporter-output>
        </test-method> <!-- checkPhoneImage -->
        <test-method signature="verifyFirstImage()[pri:0, instance:com.portfolio.ImageVerificationTests@12aba8be]" started-at="2024-02-26T12:58:25 PST" name="verifyFirstImage" finished-at="2024-02-26T12:58:28 PST" duration-ms="3035" status="PASS">
          <reporter-output>
          </reporter-output>
        </test-method> <!-- verifyFirstImage -->
      </class> <!-- com.portfolio.ImageVerificationTests -->
    </test> <!-- Default test -->
  </suite> <!-- Default suite -->
</testng-results>
